local=/calls.okcdn.ru/
local=/download.max.ru/
local=/gosuslugi.ru/
local=/help.max.ru/
local=/ip.mail.ru/
local=/ipv4-internet.yandex.net/
local=/ipv6-internet.yandex.net/
local=/max.ru/
local=/privacy-cs.mail.ru/
local=/top-fwz1.mail.ru/
local=/trk.mail.ru/
local=/api-gost.oneme.ru/
local=/fgost.oneme.ru/
local=/gov.ru/
local=/voskhod.ru/
local=/nuc-cdp.digital.gov.ru/
local=/nuc-cdp.voskhod.ru/
local=/ws-api.oneme.ru/
local=/oneme.ru/
local=/adstat.yandex.ru/
local=/mc.yandex.ru/
local=/api.oneme.ru/
