DOMAIN-SUFFIX,calls.okcdn.ru
DOMAIN-SUFFIX,download.max.ru
DOMAIN-SUFFIX,gosuslugi.ru
DOMAIN-SUFFIX,help.max.ru
DOMAIN-SUFFIX,ip.mail.ru
DOMAIN-SUFFIX,ipv4-internet.yandex.net
DOMAIN-SUFFIX,ipv6-internet.yandex.net
DOMAIN-SUFFIX,max.ru
DOMAIN-SUFFIX,privacy-cs.mail.ru
DOMAIN-SUFFIX,top-fwz1.mail.ru
DOMAIN-SUFFIX,trk.mail.ru
DOMAIN-SUFFIX,api-gost.oneme.ru
DOMAIN-SUFFIX,fgost.oneme.ru
DOMAIN-SUFFIX,gov.ru
DOMAIN-SUFFIX,voskhod.ru
DOMAIN-SUFFIX,nuc-cdp.digital.gov.ru
DOMAIN-SUFFIX,nuc-cdp.voskhod.ru
DOMAIN-SUFFIX,ws-api.oneme.ru
DOMAIN-SUFFIX,oneme.ru
DOMAIN-SUFFIX,adstat.yandex.ru
DOMAIN-SUFFIX,mc.yandex.ru
DOMAIN-SUFFIX,api.oneme.ru
